<?xml version="1.0" encoding="UTF-8"?>
<testng-results ignored="0" total="1" passed="1" failed="0" skipped="0">
  <reporter-output>
  </reporter-output>
  <suite started-at="2022-07-30T14:52:50 IST" name="Surefire suite" finished-at="2022-07-30T14:55:45 IST" duration-ms="174679">
    <groups>
    </groups>
    <test started-at="2022-07-30T14:52:50 IST" name="Surefire test" finished-at="2022-07-30T14:55:45 IST" duration-ms="174679">
      <class name="com.mindtree.com.ComprahensiveBDDProject.AppTest">
        <test-method signature="shouldAnswerWithTrue()" started-at="2022-07-30T14:52:50 IST" name="shouldAnswerWithTrue" finished-at="2022-07-30T14:52:50 IST" duration-ms="9" status="PASS">
          <reporter-output>
          </reporter-output>
        </test-method> <!-- shouldAnswerWithTrue -->
      </class> <!-- com.mindtree.com.ComprahensiveBDDProject.AppTest -->
    </test> <!-- Surefire test -->
  </suite> <!-- Surefire suite -->
</testng-results>
